[2025-03-02T04:42:09.590Z] Starting brain automation scripts
[2025-03-02T04:42:09.593Z] Found 4 automation scripts to run
[2025-03-02T04:42:09.593Z] Running auto_card_movement.js...
[2025-03-02T04:42:09.649Z] Output from auto_card_movement.js:
No cards needed to be moved.

[2025-03-02T04:42:09.649Z] Running due_date_reminder.js...
[2025-03-02T04:42:09.705Z] Output from due_date_reminder.js:

[2025-03-02T04:42:09.705Z] Running kudos_system.js...
[2025-03-02T04:42:09.762Z] Output from kudos_system.js:
No new kudos awarded.

[2025-03-02T04:42:09.763Z] Running recurring_tasks.js...
[2025-03-02T04:42:09.817Z] Output from recurring_tasks.js:
No new recurring tasks needed to be created.

[2025-03-02T04:42:09.817Z] 
Automation Summary:
[2025-03-02T04:42:09.818Z] auto_card_movement.js: SUCCESS
[2025-03-02T04:42:09.818Z] due_date_reminder.js: SUCCESS
[2025-03-02T04:42:09.818Z] kudos_system.js: SUCCESS
[2025-03-02T04:42:09.818Z] recurring_tasks.js: SUCCESS
[2025-03-02T04:42:09.818Z] Automation run completed
