[2025-03-02T04:42:13.202Z] Starting brain automation scripts
[2025-03-02T04:42:13.203Z] Found 4 automation scripts to run
[2025-03-02T04:42:13.204Z] Running auto_card_movement.js...
[2025-03-02T04:42:13.260Z] Output from auto_card_movement.js:
No cards needed to be moved.

[2025-03-02T04:42:13.261Z] Running due_date_reminder.js...
[2025-03-02T04:42:13.316Z] Output from due_date_reminder.js:

[2025-03-02T04:42:13.316Z] Running kudos_system.js...
[2025-03-02T04:42:13.372Z] Output from kudos_system.js:
No new kudos awarded.

[2025-03-02T04:42:13.372Z] Running recurring_tasks.js...
[2025-03-02T04:42:13.429Z] Output from recurring_tasks.js:
No new recurring tasks needed to be created.

[2025-03-02T04:42:13.429Z] 
Automation Summary:
[2025-03-02T04:42:13.429Z] auto_card_movement.js: SUCCESS
[2025-03-02T04:42:13.430Z] due_date_reminder.js: SUCCESS
[2025-03-02T04:42:13.430Z] kudos_system.js: SUCCESS
[2025-03-02T04:42:13.430Z] recurring_tasks.js: SUCCESS
[2025-03-02T04:42:13.430Z] Automation run completed
