[2025-03-02T04:42:13Z] Starting brain automation run
[2025-03-02T04:42:13Z] Workspace root: /Users/dionedge/dev/brain
[2025-03-02T04:42:13Z] Running automation scripts...
Starting brain automation scripts
Found 4 automation scripts to run
Running auto_card_movement.js...
Output from auto_card_movement.js:
No cards needed to be moved.

Running due_date_reminder.js...
Output from due_date_reminder.js:

Running kudos_system.js...
Output from kudos_system.js:
No new kudos awarded.

Running recurring_tasks.js...
Output from recurring_tasks.js:
No new recurring tasks needed to be created.


Automation Summary:
auto_card_movement.js: SUCCESS
due_date_reminder.js: SUCCESS
kudos_system.js: SUCCESS
recurring_tasks.js: SUCCESS
Automation run completed
[2025-03-02T04:42:13Z] Automation scripts completed successfully
[2025-03-02T04:42:13Z] Automation run completed
